<?xml version="1.0" encoding="UTF-8"?>
<!-- Generated by org.testng.reporters.JUnitReportReporter -->
<testsuite hostname="DESKTOP-6DH44IU" name="org.automation.testingworld.testcases.TC_002_Register_New_User" tests="3" failures="0" timestamp="18 Apr 2020 06:30:58 GMT" time="39.784" errors="0">
  <testcase name="tc_002_register_new_user" time="13.858" classname="org.automation.testingworld.testcases.TC_002_Register_New_User"/>
  <testcase name="tc_002_register_new_user" time="11.674" classname="org.automation.testingworld.testcases.TC_002_Register_New_User"/>
  <testcase name="tc_002_register_new_user" time="14.252" classname="org.automation.testingworld.testcases.TC_002_Register_New_User"/>
</testsuite> <!-- org.automation.testingworld.testcases.TC_002_Register_New_User -->
