<?xml version="1.0" encoding="UTF-8"?>
<!-- Generated by org.testng.reporters.JUnitReportReporter -->
<testsuite hostname="DESKTOP-6DH44IU" name="org.automation.testingworld.testcases.TC_001_ValidateLoginFunctionality" tests="5" failures="0" timestamp="18 Apr 2020 06:30:58 GMT" time="85.091" errors="0">
  <testcase name="tc_002_login_functionality" time="16.414" classname="org.automation.testingworld.testcases.TC_001_ValidateLoginFunctionality"/>
  <testcase name="tc_002_login_functionality" time="11.575" classname="org.automation.testingworld.testcases.TC_001_ValidateLoginFunctionality"/>
  <testcase name="tc_002_login_functionality" time="12.350" classname="org.automation.testingworld.testcases.TC_001_ValidateLoginFunctionality"/>
  <testcase name="tc_002_login_functionality" time="12.520" classname="org.automation.testingworld.testcases.TC_001_ValidateLoginFunctionality"/>
  <testcase name="tc_002_login_functionality" time="32.232" classname="org.automation.testingworld.testcases.TC_001_ValidateLoginFunctionality"/>
</testsuite> <!-- org.automation.testingworld.testcases.TC_001_ValidateLoginFunctionality -->
